<?xml version="1.0" encoding="UTF-8"?>
<testsuite name="LinkedListTest" tests="1" skipped="0" failures="0" errors="0" timestamp="2020-10-17T19:07:00" hostname="LAPTOP-21LB24T9" time="0.003">
  <properties/>
  <testcase name="searchAndInsert" classname="LinkedListTest" time="0.003"/>
  <system-out><![CDATA[]]></system-out>
  <system-err><![CDATA[]]></system-err>
</testsuite>
