<?xml version="1.0" encoding="UTF-8"?>
<testsuite name="LinkedListTest" tests="1" skipped="0" failures="0" errors="0" timestamp="2020-10-17T17:52:39" hostname="LAPTOP-21LB24T9" time="0.004">
  <properties/>
  <testcase name="search" classname="LinkedListTest" time="0.004"/>
  <system-out><![CDATA[56-->30-->70-->null
]]></system-out>
  <system-err><![CDATA[]]></system-err>
</testsuite>
